#! /usr/bin/vvp
:ivl_version "12.0 (stable)";
:ivl_delay_selection "TYPICAL";
:vpi_time_precision + 0;
:vpi_module "/usr/lib/x86_64-linux-gnu/ivl/system.vpi";
:vpi_module "/usr/lib/x86_64-linux-gnu/ivl/vhdl_sys.vpi";
:vpi_module "/usr/lib/x86_64-linux-gnu/ivl/vhdl_textio.vpi";
:vpi_module "/usr/lib/x86_64-linux-gnu/ivl/v2005_math.vpi";
:vpi_module "/usr/lib/x86_64-linux-gnu/ivl/va_math.vpi";
:vpi_module "/usr/lib/x86_64-linux-gnu/ivl/v2009.vpi";
S_0x5a7621c54d30 .scope package, "$unit" "$unit" 2 1;
 .timescale 0 0;
S_0x5a7621c54ec0 .scope module, "tb" "tb" 3 1;
 .timescale 0 0;
P_0x5a7621c55050 .param/l "EXPECTED_SIG" 1 3 25, C4<00000000000000000000000010100001>;
P_0x5a7621c55090 .param/l "SIG_ADDR" 1 3 19, +C4<00000000000000000000000100000000>;
P_0x5a7621c550d0 .param/l "SIG_WORD_INDEX" 1 3 20, +C4<00000000000000000000000001000000>;
v0x5a7621cf1af0_0 .var "clk", 0 0;
v0x5a7621cf1bb0_0 .net "mem_addr", 31 0, v0x5a7621cf0020_0;  1 drivers
v0x5a7621cf1cc0_0 .net "mem_rdata", 31 0, v0x5a7621cf1320_0;  1 drivers
v0x5a7621cf1db0_0 .net "mem_ready", 0 0, v0x5a7621cf13f0_0;  1 drivers
v0x5a7621cf1ea0_0 .net "mem_valid", 0 0, v0x5a7621cf02a0_0;  1 drivers
v0x5a7621cf1fe0_0 .net "mem_wdata", 31 0, v0x5a7621cf0360_0;  1 drivers
v0x5a7621cf20f0_0 .net "mem_we", 0 0, v0x5a7621cf0440_0;  1 drivers
v0x5a7621cf21e0_0 .net "mem_wstrb", 3 0, v0x5a7621cf0500_0;  1 drivers
v0x5a7621cf22f0_0 .var "rst_n", 0 0;
S_0x5a7621c98e00 .scope module, "dut" "tiny_thumb_core" 3 28, 4 18 0, S_0x5a7621c54ec0;
 .timescale 0 0;
    .port_info 0 /INPUT 1 "clk";
    .port_info 1 /INPUT 1 "rst_n";
    .port_info 2 /OUTPUT 1 "mem_valid";
    .port_info 3 /OUTPUT 1 "mem_we";
    .port_info 4 /OUTPUT 32 "mem_addr";
    .port_info 5 /OUTPUT 32 "mem_wdata";
    .port_info 6 /OUTPUT 4 "mem_wstrb";
    .port_info 7 /INPUT 1 "mem_ready";
    .port_info 8 /INPUT 32 "mem_rdata";
P_0x5a7621ccde00 .param/l "ENABLE_ALU_REG_GROUP" 0 4 19, +C4<00000000000000000000000000000001>;
P_0x5a7621ccde40 .param/l "OP_ADD_IMM" 1 4 61, C4<0011>;
P_0x5a7621ccde80 .param/l "OP_ALU_REG" 1 4 70, C4<1100>;
P_0x5a7621ccdec0 .param/l "OP_B" 1 4 68, C4<1010>;
P_0x5a7621ccdf00 .param/l "OP_BCOND" 1 4 69, C4<1011>;
P_0x5a7621ccdf40 .param/l "OP_CMP_IMM" 1 4 60, C4<0010>;
P_0x5a7621ccdf80 .param/l "OP_LDR_IMM" 1 4 66, C4<1000>;
P_0x5a7621ccdfc0 .param/l "OP_LDR_LIT" 1 4 67, C4<1001>;
P_0x5a7621cce000 .param/l "OP_LSL_IMM" 1 4 63, C4<0101>;
P_0x5a7621cce040 .param/l "OP_LSR_IMM" 1 4 64, C4<0110>;
P_0x5a7621cce080 .param/l "OP_MOV_IMM" 1 4 59, C4<0001>;
P_0x5a7621cce0c0 .param/l "OP_NONE" 1 4 58, C4<0000>;
P_0x5a7621cce100 .param/l "OP_STR_IMM" 1 4 65, C4<0111>;
P_0x5a7621cce140 .param/l "OP_SUB_IMM" 1 4 62, C4<0100>;
P_0x5a7621cce180 .param/l "STRICT_THUMB_SHIFT32" 0 4 20, +C4<00000000000000000000000000000000>;
P_0x5a7621cce1c0 .param/l "S_DECODE" 1 4 49, C4<0011>;
P_0x5a7621cce200 .param/l "S_EXEC" 1 4 50, C4<0100>;
P_0x5a7621cce240 .param/l "S_FETCH" 1 4 47, C4<0001>;
P_0x5a7621cce280 .param/l "S_MEM" 1 4 51, C4<0101>;
P_0x5a7621cce2c0 .param/l "S_RESET" 1 4 46, C4<0000>;
P_0x5a7621cce300 .param/l "S_TRAP" 1 4 53, C4<1000>;
P_0x5a7621cce340 .param/l "S_WAITI" 1 4 48, C4<0010>;
P_0x5a7621cce380 .param/l "S_WAITM" 1 4 52, C4<0110>;
L_0x7d77b9d57018 .functor BUFT 1, C4<1111000000000000>, C4<0>, C4<0>, C4<0>;
L_0x5a7621ccb7f0 .functor AND 16, v0x5a7621cebc20_0, L_0x7d77b9d57018, C4<1111111111111111>, C4<1111111111111111>;
L_0x5a7621cc8210 .functor AND 1, L_0x5a7621d024f0, L_0x5a7621d026d0, C4<1>, C4<1>;
L_0x7d77b9d570f0 .functor BUFT 1, C4<1111100000000000>, C4<0>, C4<0>, C4<0>;
L_0x5a7621d028b0 .functor AND 16, v0x5a7621cebc20_0, L_0x7d77b9d570f0, C4<1111111111111111>, C4<1111111111111111>;
L_0x7d77b9d57180 .functor BUFT 1, C4<1111100000000000>, C4<0>, C4<0>, C4<0>;
L_0x5a7621d02b70 .functor AND 16, v0x5a7621cebc20_0, L_0x7d77b9d57180, C4<1111111111111111>, C4<1111111111111111>;
L_0x7d77b9d57210 .functor BUFT 1, C4<1111100000000000>, C4<0>, C4<0>, C4<0>;
L_0x5a7621d02d70 .functor AND 16, v0x5a7621cebc20_0, L_0x7d77b9d57210, C4<1111111111111111>, C4<1111111111111111>;
L_0x7d77b9d572a0 .functor BUFT 1, C4<1111100000000000>, C4<0>, C4<0>, C4<0>;
L_0x5a7621d03030 .functor AND 16, v0x5a7621cebc20_0, L_0x7d77b9d572a0, C4<1111111111111111>, C4<1111111111111111>;
L_0x7d77b9d57330 .functor BUFT 1, C4<1111100000000000>, C4<0>, C4<0>, C4<0>;
L_0x5a7621d03230 .functor AND 16, v0x5a7621cebc20_0, L_0x7d77b9d57330, C4<1111111111111111>, C4<1111111111111111>;
L_0x7d77b9d573c0 .functor BUFT 1, C4<1111100000000000>, C4<0>, C4<0>, C4<0>;
L_0x5a7621d034d0 .functor AND 16, v0x5a7621cebc20_0, L_0x7d77b9d573c0, C4<1111111111111111>, C4<1111111111111111>;
L_0x7d77b9d57450 .functor BUFT 1, C4<1111100000000000>, C4<0>, C4<0>, C4<0>;
L_0x5a7621d03700 .functor AND 16, v0x5a7621cebc20_0, L_0x7d77b9d57450, C4<1111111111111111>, C4<1111111111111111>;
L_0x7d77b9d574e0 .functor BUFT 1, C4<1111100000000000>, C4<0>, C4<0>, C4<0>;
L_0x5a7621d03ab0 .functor AND 16, v0x5a7621cebc20_0, L_0x7d77b9d574e0, C4<1111111111111111>, C4<1111111111111111>;
L_0x7d77b9d57570 .functor BUFT 1, C4<1111100000000000>, C4<0>, C4<0>, C4<0>;
L_0x5a7621d03c90 .functor AND 16, v0x5a7621cebc20_0, L_0x7d77b9d57570, C4<1111111111111111>, C4<1111111111111111>;
L_0x7d77b9d57600 .functor BUFT 1, C4<1111100000000000>, C4<0>, C4<0>, C4<0>;
L_0x5a7621d03fa0 .functor AND 16, v0x5a7621cebc20_0, L_0x7d77b9d57600, C4<1111111111111111>, C4<1111111111111111>;
L_0x7d77b9d57690 .functor BUFT 1, C4<1111110000000000>, C4<0>, C4<0>, C4<0>;
L_0x5a7621d041d0 .functor AND 16, v0x5a7621cebc20_0, L_0x7d77b9d57690, C4<1111111111111111>, C4<1111111111111111>;
v0x5a7621cebb40_0 .var "C", 0 0;
v0x5a7621cebc20_0 .var "IR", 15 0;
v0x5a7621cebd00_0 .var "N", 0 0;
v0x5a7621cebdd0_0 .var "PC", 31 0;
v0x5a7621cebeb0 .array "R", 15 0, 31 0;
v0x5a7621cebfc0_0 .var "V", 0 0;
v0x5a7621cec080_0 .var "Z", 0 0;
v0x5a7621cec140_0 .net *"_ivl_100", 15 0, L_0x5a7621d041d0;  1 drivers
L_0x7d77b9d576d8 .functor BUFT 1, C4<0100000000000000>, C4<0>, C4<0>, C4<0>;
v0x5a7621cec220_0 .net/2u *"_ivl_102", 15 0, L_0x7d77b9d576d8;  1 drivers
v0x5a7621cec300_0 .net *"_ivl_11", 3 0, L_0x5a7621d02630;  1 drivers
L_0x7d77b9d570a8 .functor BUFT 1, C4<1111>, C4<0>, C4<0>, C4<0>;
v0x5a7621cec3e0_0 .net/2u *"_ivl_12", 3 0, L_0x7d77b9d570a8;  1 drivers
v0x5a7621cec4c0_0 .net *"_ivl_14", 0 0, L_0x5a7621d026d0;  1 drivers
v0x5a7621cec580_0 .net/2u *"_ivl_18", 15 0, L_0x7d77b9d570f0;  1 drivers
v0x5a7621cec660_0 .net/2u *"_ivl_2", 15 0, L_0x7d77b9d57018;  1 drivers
v0x5a7621cec740_0 .net *"_ivl_20", 15 0, L_0x5a7621d028b0;  1 drivers
L_0x7d77b9d57138 .functor BUFT 1, C4<1110000000000000>, C4<0>, C4<0>, C4<0>;
v0x5a7621cec820_0 .net/2u *"_ivl_22", 15 0, L_0x7d77b9d57138;  1 drivers
v0x5a7621cec900_0 .net/2u *"_ivl_26", 15 0, L_0x7d77b9d57180;  1 drivers
v0x5a7621cec9e0_0 .net *"_ivl_28", 15 0, L_0x5a7621d02b70;  1 drivers
L_0x7d77b9d571c8 .functor BUFT 1, C4<0100100000000000>, C4<0>, C4<0>, C4<0>;
v0x5a7621cecac0_0 .net/2u *"_ivl_30", 15 0, L_0x7d77b9d571c8;  1 drivers
v0x5a7621cecba0_0 .net/2u *"_ivl_34", 15 0, L_0x7d77b9d57210;  1 drivers
v0x5a7621cecc80_0 .net *"_ivl_36", 15 0, L_0x5a7621d02d70;  1 drivers
L_0x7d77b9d57258 .functor BUFT 1, C4<0110100000000000>, C4<0>, C4<0>, C4<0>;
v0x5a7621cecd60_0 .net/2u *"_ivl_38", 15 0, L_0x7d77b9d57258;  1 drivers
v0x5a7621cece40_0 .net *"_ivl_4", 15 0, L_0x5a7621ccb7f0;  1 drivers
v0x5a7621cecf20_0 .net/2u *"_ivl_42", 15 0, L_0x7d77b9d572a0;  1 drivers
v0x5a7621ced000_0 .net *"_ivl_44", 15 0, L_0x5a7621d03030;  1 drivers
L_0x7d77b9d572e8 .functor BUFT 1, C4<0110000000000000>, C4<0>, C4<0>, C4<0>;
v0x5a7621ced0e0_0 .net/2u *"_ivl_46", 15 0, L_0x7d77b9d572e8;  1 drivers
v0x5a7621ced1c0_0 .net/2u *"_ivl_50", 15 0, L_0x7d77b9d57330;  1 drivers
v0x5a7621ced2a0_0 .net *"_ivl_52", 15 0, L_0x5a7621d03230;  1 drivers
L_0x7d77b9d57378 .functor BUFT 1, C4<0010000000000000>, C4<0>, C4<0>, C4<0>;
v0x5a7621ced380_0 .net/2u *"_ivl_54", 15 0, L_0x7d77b9d57378;  1 drivers
v0x5a7621ced460_0 .net/2u *"_ivl_58", 15 0, L_0x7d77b9d573c0;  1 drivers
L_0x7d77b9d57060 .functor BUFT 1, C4<1101000000000000>, C4<0>, C4<0>, C4<0>;
v0x5a7621ced540_0 .net/2u *"_ivl_6", 15 0, L_0x7d77b9d57060;  1 drivers
v0x5a7621ced620_0 .net *"_ivl_60", 15 0, L_0x5a7621d034d0;  1 drivers
L_0x7d77b9d57408 .functor BUFT 1, C4<0010100000000000>, C4<0>, C4<0>, C4<0>;
v0x5a7621ced700_0 .net/2u *"_ivl_62", 15 0, L_0x7d77b9d57408;  1 drivers
v0x5a7621ced9f0_0 .net/2u *"_ivl_66", 15 0, L_0x7d77b9d57450;  1 drivers
v0x5a7621cedad0_0 .net *"_ivl_68", 15 0, L_0x5a7621d03700;  1 drivers
L_0x7d77b9d57498 .functor BUFT 1, C4<0011000000000000>, C4<0>, C4<0>, C4<0>;
v0x5a7621cedbb0_0 .net/2u *"_ivl_70", 15 0, L_0x7d77b9d57498;  1 drivers
v0x5a7621cedc90_0 .net/2u *"_ivl_74", 15 0, L_0x7d77b9d574e0;  1 drivers
v0x5a7621cedd70_0 .net *"_ivl_76", 15 0, L_0x5a7621d03ab0;  1 drivers
L_0x7d77b9d57528 .functor BUFT 1, C4<0011100000000000>, C4<0>, C4<0>, C4<0>;
v0x5a7621cede50_0 .net/2u *"_ivl_78", 15 0, L_0x7d77b9d57528;  1 drivers
v0x5a7621cedf30_0 .net *"_ivl_8", 0 0, L_0x5a7621d024f0;  1 drivers
v0x5a7621cedff0_0 .net/2u *"_ivl_82", 15 0, L_0x7d77b9d57570;  1 drivers
v0x5a7621cee0d0_0 .net *"_ivl_84", 15 0, L_0x5a7621d03c90;  1 drivers
L_0x7d77b9d575b8 .functor BUFT 1, C4<0000000000000000>, C4<0>, C4<0>, C4<0>;
v0x5a7621cee1b0_0 .net/2u *"_ivl_86", 15 0, L_0x7d77b9d575b8;  1 drivers
v0x5a7621cee290_0 .net/2u *"_ivl_90", 15 0, L_0x7d77b9d57600;  1 drivers
v0x5a7621cee370_0 .net *"_ivl_92", 15 0, L_0x5a7621d03fa0;  1 drivers
L_0x7d77b9d57648 .functor BUFT 1, C4<0000100000000000>, C4<0>, C4<0>, C4<0>;
v0x5a7621cee450_0 .net/2u *"_ivl_94", 15 0, L_0x7d77b9d57648;  1 drivers
v0x5a7621cee530_0 .net/2u *"_ivl_98", 15 0, L_0x7d77b9d57690;  1 drivers
v0x5a7621cee610_0 .net "clk", 0 0, v0x5a7621cf1af0_0;  1 drivers
v0x5a7621cee6d0_0 .var "d_aluop", 3 0;
v0x5a7621cee7b0_0 .var "d_cond4", 3 0;
v0x5a7621cee890_0 .var "d_imm11", 10 0;
v0x5a7621cee970_0 .var "d_imm5", 4 0;
v0x5a7621ceea50_0 .var "d_imm8", 7 0;
v0x5a7621ceeb30_0 .var "d_rd", 2 0;
v0x5a7621ceec10_0 .var "d_rm", 2 0;
v0x5a7621ceecf0_0 .var "d_rn", 2 0;
v0x5a7621ceedd0_0 .var "d_rt", 2 0;
v0x5a7621ceeeb0_0 .var "eff_addr", 31 0;
v0x5a7621ceef90_0 .var "fetch_addr", 31 0;
v0x5a7621cef070_0 .var/i "i", 31 0;
v0x5a7621cef150_0 .net "insn", 15 0, v0x5a7621cebc20_0;  1 drivers
v0x5a7621cef230_0 .net "is_add_imm", 0 0, L_0x5a7621d03930;  1 drivers
v0x5a7621cef2f0_0 .net "is_alu_reg", 0 0, L_0x5a7621d04310;  1 drivers
v0x5a7621cef3b0_0 .net "is_b", 0 0, L_0x5a7621d02a00;  1 drivers
v0x5a7621cef470_0 .net "is_bcond", 0 0, L_0x5a7621cc8210;  1 drivers
v0x5a7621cef940_0 .net "is_cmp_imm", 0 0, L_0x5a7621d03590;  1 drivers
v0x5a7621cefa00_0 .net "is_ldr_imm", 0 0, L_0x5a7621d02f00;  1 drivers
v0x5a7621cefac0_0 .net "is_ldr_lit", 0 0, L_0x5a7621d02c30;  1 drivers
v0x5a7621cefb80_0 .net "is_lsl_imm", 0 0, L_0x5a7621d03dc0;  1 drivers
v0x5a7621cefc40_0 .net "is_lsr_imm", 0 0, L_0x5a7621d04060;  1 drivers
v0x5a7621cefd00_0 .net "is_mov_imm", 0 0, L_0x5a7621d03340;  1 drivers
v0x5a7621cefdc0_0 .net "is_str_imm", 0 0, L_0x5a7621d030f0;  1 drivers
v0x5a7621cefe80_0 .net "is_sub_imm", 0 0, L_0x5a7621d03b20;  1 drivers
v0x5a7621ceff40_0 .var "load_data", 31 0;
v0x5a7621cf0020_0 .var "mem_addr", 31 0;
v0x5a7621cf0100_0 .net "mem_rdata", 31 0, v0x5a7621cf1320_0;  alias, 1 drivers
v0x5a7621cf01e0_0 .net "mem_ready", 0 0, v0x5a7621cf13f0_0;  alias, 1 drivers
v0x5a7621cf02a0_0 .var "mem_valid", 0 0;
v0x5a7621cf0360_0 .var "mem_wdata", 31 0;
v0x5a7621cf0440_0 .var "mem_we", 0 0;
v0x5a7621cf0500_0 .var "mem_wstrb", 3 0;
v0x5a7621cf05e0_0 .var "op", 3 0;
v0x5a7621cf06c0_0 .net "rst_n", 0 0, v0x5a7621cf22f0_0;  1 drivers
v0x5a7621cf0780_0 .var "st", 3 0;
E_0x5a7621c503e0/0 .event negedge, v0x5a7621cf06c0_0;
E_0x5a7621c503e0/1 .event posedge, v0x5a7621cee610_0;
E_0x5a7621c503e0 .event/or E_0x5a7621c503e0/0, E_0x5a7621c503e0/1;
L_0x5a7621d024f0 .cmp/eq 16, L_0x5a7621ccb7f0, L_0x7d77b9d57060;
L_0x5a7621d02630 .part v0x5a7621cebc20_0, 8, 4;
L_0x5a7621d026d0 .cmp/ne 4, L_0x5a7621d02630, L_0x7d77b9d570a8;
L_0x5a7621d02a00 .cmp/eq 16, L_0x5a7621d028b0, L_0x7d77b9d57138;
L_0x5a7621d02c30 .cmp/eq 16, L_0x5a7621d02b70, L_0x7d77b9d571c8;
L_0x5a7621d02f00 .cmp/eq 16, L_0x5a7621d02d70, L_0x7d77b9d57258;
L_0x5a7621d030f0 .cmp/eq 16, L_0x5a7621d03030, L_0x7d77b9d572e8;
L_0x5a7621d03340 .cmp/eq 16, L_0x5a7621d03230, L_0x7d77b9d57378;
L_0x5a7621d03590 .cmp/eq 16, L_0x5a7621d034d0, L_0x7d77b9d57408;
L_0x5a7621d03930 .cmp/eq 16, L_0x5a7621d03700, L_0x7d77b9d57498;
L_0x5a7621d03b20 .cmp/eq 16, L_0x5a7621d03ab0, L_0x7d77b9d57528;
L_0x5a7621d03dc0 .cmp/eq 16, L_0x5a7621d03c90, L_0x7d77b9d575b8;
L_0x5a7621d04060 .cmp/eq 16, L_0x5a7621d03fa0, L_0x7d77b9d57648;
L_0x5a7621d04310 .cmp/eq 16, L_0x5a7621d041d0, L_0x7d77b9d576d8;
S_0x5a7621c98f90 .scope begin, "$unm_blk_33" "$unm_blk_33" 4 320, 4 320 0, S_0x5a7621c98e00;
 .timescale 0 0;
v0x5a7621ccb580_0 .var "A", 31 0;
v0x5a7621ccb990_0 .var "B", 31 0;
v0x5a7621cc8370_0 .var "RES", 31 0;
v0x5a7621cc8410_0 .var "WIDE", 32 0;
v0x5a7621cead40_0 .var "off", 31 0;
S_0x5a7621ceae70 .scope function.vec4.s32, "align4" "align4" 4 94, 4 94 0, S_0x5a7621c98e00;
 .timescale 0 0;
; Variable align4 is vec4 return value of scope S_0x5a7621ceae70
v0x5a7621ceb150_0 .var "x", 31 0;
TD_tb.dut.align4 ;
    %load/vec4 v0x5a7621ceb150_0;
    %parti/s 30, 2, 3;
    %concati/vec4 0, 0, 2;
    %ret/vec4 0, 0, 32;  Assign to align4 (store_vec4_to_lval)
    %end;
S_0x5a7621ceb230 .scope function.vec4.s1, "cond_ok" "cond_ok" 4 112, 4 112 0, S_0x5a7621c98e00;
 .timescale 0 0;
v0x5a7621ceb410_0 .var "cond", 3 0;
; Variable cond_ok is vec4 return value of scope S_0x5a7621ceb230
TD_tb.dut.cond_ok ;
    %load/vec4 v0x5a7621ceb410_0;
    %dup/vec4;
    %pushi/vec4 0, 0, 4;
    %cmp/u;
    %jmp/1 T_1.0, 6;
    %dup/vec4;
    %pushi/vec4 1, 0, 4;
    %cmp/u;
    %jmp/1 T_1.1, 6;
    %dup/vec4;
    %pushi/vec4 4, 0, 4;
    %cmp/u;
    %jmp/1 T_1.2, 6;
    %dup/vec4;
    %pushi/vec4 5, 0, 4;
    %cmp/u;
    %jmp/1 T_1.3, 6;
    %pushi/vec4 0, 0, 1;
    %ret/vec4 0, 0, 1;  Assign to cond_ok (store_vec4_to_lval)
    %jmp T_1.5;
T_1.0 ;
    %load/vec4 v0x5a7621cec080_0;
    %pushi/vec4 1, 0, 1;
    %cmp/e;
    %flag_get/vec4 4;
    %ret/vec4 0, 0, 1;  Assign to cond_ok (store_vec4_to_lval)
    %jmp T_1.5;
T_1.1 ;
    %load/vec4 v0x5a7621cec080_0;
    %pushi/vec4 0, 0, 1;
    %cmp/e;
    %flag_get/vec4 4;
    %ret/vec4 0, 0, 1;  Assign to cond_ok (store_vec4_to_lval)
    %jmp T_1.5;
T_1.2 ;
    %load/vec4 v0x5a7621cebd00_0;
    %pushi/vec4 1, 0, 1;
    %cmp/e;
    %flag_get/vec4 4;
    %ret/vec4 0, 0, 1;  Assign to cond_ok (store_vec4_to_lval)
    %jmp T_1.5;
T_1.3 ;
    %load/vec4 v0x5a7621cebd00_0;
    %pushi/vec4 0, 0, 1;
    %cmp/e;
    %flag_get/vec4 4;
    %ret/vec4 0, 0, 1;  Assign to cond_ok (store_vec4_to_lval)
    %jmp T_1.5;
T_1.5 ;
    %pop/vec4 1;
    %end;
S_0x5a7621ceb5b0 .scope function.vec4.s32, "sext_shift" "sext_shift" 4 102, 4 102 0, S_0x5a7621c98e00;
 .timescale 0 0;
v0x5a7621ceb790_0 .var/i "bits", 31 0;
; Variable sext_shift is vec4 return value of scope S_0x5a7621ceb5b0
v0x5a7621ceb970_0 .var/s "sx", 31 0;
v0x5a7621ceba60_0 .var "x", 31 0;
TD_tb.dut.sext_shift ;
    %load/vec4 v0x5a7621ceba60_0;
    %pushi/vec4 32, 0, 32;
    %load/vec4 v0x5a7621ceb790_0;
    %sub;
    %ix/vec4 4;
    %shiftl 4;
    %store/vec4 v0x5a7621ceb970_0, 0, 32;
    %load/vec4 v0x5a7621ceb970_0;
    %pushi/vec4 32, 0, 32;
    %load/vec4 v0x5a7621ceb790_0;
    %sub;
    %ix/vec4 4;
    %shiftr/s 4;
    %ret/vec4 0, 0, 32;  Assign to sext_shift (store_vec4_to_lval)
    %end;
S_0x5a7621cf0980 .scope module, "mem" "tiny_mem_model" 3 44, 5 9 0, S_0x5a7621c54ec0;
 .timescale 0 0;
    .port_info 0 /INPUT 1 "clk";
    .port_info 1 /INPUT 1 "rst_n";
    .port_info 2 /INPUT 1 "mem_valid";
    .port_info 3 /INPUT 1 "mem_we";
    .port_info 4 /INPUT 32 "mem_addr";
    .port_info 5 /INPUT 32 "mem_wdata";
    .port_info 6 /INPUT 4 "mem_wstrb";
    .port_info 7 /OUTPUT 1 "mem_ready";
    .port_info 8 /OUTPUT 32 "mem_rdata";
P_0x5a7621cca160 .param/str "INIT_HEX" 0 5 11, "prog.hex";
P_0x5a7621cca1a0 .param/l "WORDS" 0 5 10, +C4<00000000000000000001000000000000>;
v0x5a7621cf0dd0_0 .net *"_ivl_2", 29 0, L_0x5a7621d04500;  1 drivers
L_0x7d77b9d57720 .functor BUFT 1, C4<00>, C4<0>, C4<0>, C4<0>;
v0x5a7621cf0ed0_0 .net *"_ivl_4", 1 0, L_0x7d77b9d57720;  1 drivers
v0x5a7621cf0fb0_0 .net "clk", 0 0, v0x5a7621cf1af0_0;  alias, 1 drivers
v0x5a7621cf10b0_0 .var/i "i", 31 0;
v0x5a7621cf1150 .array "mem", 4095 0, 31 0;
v0x5a7621cf1260_0 .net "mem_addr", 31 0, v0x5a7621cf0020_0;  alias, 1 drivers
v0x5a7621cf1320_0 .var "mem_rdata", 31 0;
v0x5a7621cf13f0_0 .var "mem_ready", 0 0;
v0x5a7621cf14c0_0 .net "mem_valid", 0 0, v0x5a7621cf02a0_0;  alias, 1 drivers
v0x5a7621cf1590_0 .net "mem_wdata", 31 0, v0x5a7621cf0360_0;  alias, 1 drivers
v0x5a7621cf1660_0 .net "mem_we", 0 0, v0x5a7621cf0440_0;  alias, 1 drivers
v0x5a7621cf1730_0 .net "mem_wstrb", 3 0, v0x5a7621cf0500_0;  alias, 1 drivers
v0x5a7621cf1800_0 .net "rst_n", 0 0, v0x5a7621cf22f0_0;  alias, 1 drivers
v0x5a7621cf18d0_0 .var "was_reading", 0 0;
v0x5a7621cf1970_0 .net "word_index", 31 0, L_0x5a7621d045a0;  1 drivers
E_0x5a7621c16f50 .event posedge, v0x5a7621cee610_0;
L_0x5a7621d04500 .part v0x5a7621cf0020_0, 2, 30;
L_0x5a7621d045a0 .concat [ 30 2 0 0], L_0x5a7621d04500, L_0x7d77b9d57720;
    .scope S_0x5a7621c98e00;
T_3 ;
    %wait E_0x5a7621c503e0;
    %load/vec4 v0x5a7621cf06c0_0;
    %nor/r;
    %flag_set/vec4 8;
    %jmp/0xz  T_3.0, 8;
    %pushi/vec4 0, 0, 4;
    %assign/vec4 v0x5a7621cf0780_0, 0;
    %pushi/vec4 0, 0, 4;
    %assign/vec4 v0x5a7621cf05e0_0, 0;
    %pushi/vec4 0, 0, 32;
    %assign/vec4 v0x5a7621cebdd0_0, 0;
    %pushi/vec4 0, 0, 16;
    %assign/vec4 v0x5a7621cebc20_0, 0;
    %pushi/vec4 0, 0, 1;
    %assign/vec4 v0x5a7621cebd00_0, 0;
    %pushi/vec4 0, 0, 1;
    %assign/vec4 v0x5a7621cec080_0, 0;
    %pushi/vec4 0, 0, 1;
    %assign/vec4 v0x5a7621cebb40_0, 0;
    %pushi/vec4 0, 0, 1;
    %assign/vec4 v0x5a7621cebfc0_0, 0;
    %pushi/vec4 0, 0, 1;
    %assign/vec4 v0x5a7621cf02a0_0, 0;
    %pushi/vec4 0, 0, 1;
    %assign/vec4 v0x5a7621cf0440_0, 0;
    %pushi/vec4 0, 0, 32;
    %assign/vec4 v0x5a7621cf0020_0, 0;
    %pushi/vec4 0, 0, 32;
    %assign/vec4 v0x5a7621cf0360_0, 0;
    %pushi/vec4 0, 0, 4;
    %assign/vec4 v0x5a7621cf0500_0, 0;
    %pushi/vec4 0, 0, 32;
    %assign/vec4 v0x5a7621ceeeb0_0, 0;
    %pushi/vec4 0, 0, 32;
    %assign/vec4 v0x5a7621ceff40_0, 0;
    %pushi/vec4 0, 0, 32;
    %assign/vec4 v0x5a7621ceef90_0, 0;
    %pushi/vec4 0, 0, 32;
    %store/vec4 v0x5a7621cef070_0, 0, 32;
T_3.2 ;
    %load/vec4 v0x5a7621cef070_0;
    %cmpi/s 16, 0, 32;
    %jmp/0xz T_3.3, 5;
    %pushi/vec4 0, 0, 32;
    %ix/getv/s 3, v0x5a7621cef070_0;
    %ix/load 4, 0, 0; Constant delay
    %assign/vec4/a/d v0x5a7621cebeb0, 0, 4;
    %load/vec4 v0x5a7621cef070_0;
    %addi 1, 0, 32;
    %store/vec4 v0x5a7621cef070_0, 0, 32;
    %jmp T_3.2;
T_3.3 ;
    %jmp T_3.1;
T_3.0 ;
    %pushi/vec4 0, 0, 1;
    %assign/vec4 v0x5a7621cf02a0_0, 0;
    %pushi/vec4 0, 0, 1;
    %assign/vec4 v0x5a7621cf0440_0, 0;
    %pushi/vec4 0, 0, 32;
    %assign/vec4 v0x5a7621cf0020_0, 0;
    %pushi/vec4 0, 0, 32;
    %assign/vec4 v0x5a7621cf0360_0, 0;
    %pushi/vec4 0, 0, 4;
    %assign/vec4 v0x5a7621cf0500_0, 0;
    %load/vec4 v0x5a7621cf0780_0;
    %dup/vec4;
    %pushi/vec4 0, 0, 4;
    %cmp/u;
    %jmp/1 T_3.4, 6;
    %dup/vec4;
    %pushi/vec4 1, 0, 4;
    %cmp/u;
    %jmp/1 T_3.5, 6;
    %dup/vec4;
    %pushi/vec4 2, 0, 4;
    %cmp/u;
    %jmp/1 T_3.6, 6;
    %dup/vec4;
    %pushi/vec4 3, 0, 4;
    %cmp/u;
    %jmp/1 T_3.7, 6;
    %dup/vec4;
    %pushi/vec4 4, 0, 4;
    %cmp/u;
    %jmp/1 T_3.8, 6;
    %dup/vec4;
    %pushi/vec4 5, 0, 4;
    %cmp/u;
    %jmp/1 T_3.9, 6;
    %dup/vec4;
    %pushi/vec4 6, 0, 4;
    %cmp/u;
    %jmp/1 T_3.10, 6;
    %dup/vec4;
    %pushi/vec4 8, 0, 4;
    %cmp/u;
    %jmp/1 T_3.11, 6;
    %pushi/vec4 8, 0, 4;
    %assign/vec4 v0x5a7621cf0780_0, 0;
    %jmp T_3.13;
T_3.4 ;
    %pushi/vec4 1, 0, 4;
    %assign/vec4 v0x5a7621cf0780_0, 0;
    %jmp T_3.13;
T_3.5 ;
    %pushi/vec4 1, 0, 1;
    %assign/vec4 v0x5a7621cf02a0_0, 0;
    %pushi/vec4 0, 0, 1;
    %assign/vec4 v0x5a7621cf0440_0, 0;
    %load/vec4 v0x5a7621cebdd0_0;
    %assign/vec4 v0x5a7621cf0020_0, 0;
    %load/vec4 v0x5a7621cebdd0_0;
    %addi 2, 0, 32;
    %assign/vec4 v0x5a7621cebdd0_0, 0;
    %pushi/vec4 2, 0, 4;
    %assign/vec4 v0x5a7621cf0780_0, 0;
    %jmp T_3.13;
T_3.6 ;
    %load/vec4 v0x5a7621cebdd0_0;
    %subi 2, 0, 32;
    %store/vec4 v0x5a7621ceef90_0, 0, 32;
    %pushi/vec4 1, 0, 1;
    %assign/vec4 v0x5a7621cf02a0_0, 0;
    %pushi/vec4 0, 0, 1;
    %assign/vec4 v0x5a7621cf0440_0, 0;
    %load/vec4 v0x5a7621ceef90_0;
    %assign/vec4 v0x5a7621cf0020_0, 0;
    %load/vec4 v0x5a7621cf01e0_0;
    %flag_set/vec4 8;
    %jmp/0xz  T_3.14, 8;
    %load/vec4 v0x5a7621ceef90_0;
    %parti/s 1, 1, 2;
    %cmpi/e 0, 0, 1;
    %jmp/0xz  T_3.16, 4;
    %load/vec4 v0x5a7621cf0100_0;
    %parti/s 16, 0, 2;
    %assign/vec4 v0x5a7621cebc20_0, 0;
    %jmp T_3.17;
T_3.16 ;
    %load/vec4 v0x5a7621cf0100_0;
    %parti/s 16, 16, 6;
    %assign/vec4 v0x5a7621cebc20_0, 0;
T_3.17 ;
    %pushi/vec4 3, 0, 4;
    %assign/vec4 v0x5a7621cf0780_0, 0;
T_3.14 ;
    %jmp T_3.13;
T_3.7 ;
    %pushi/vec4 0, 0, 4;
    %assign/vec4 v0x5a7621cf05e0_0, 0;
    %load/vec4 v0x5a7621cef470_0;
    %flag_set/vec4 8;
    %jmp/0xz  T_3.18, 8;
    %load/vec4 v0x5a7621cef150_0;
    %parti/s 4, 8, 5;
    %cmpi/e 0, 0, 4;
    %jmp/1 T_3.24, 4;
    %flag_mov 8, 4;
    %load/vec4 v0x5a7621cef150_0;
    %parti/s 4, 8, 5;
    %cmpi/e 1, 0, 4;
    %flag_or 4, 8;
T_3.24;
    %jmp/1 T_3.23, 4;
    %flag_mov 8, 4;
    %load/vec4 v0x5a7621cef150_0;
    %parti/s 4, 8, 5;
    %cmpi/e 4, 0, 4;
    %flag_or 4, 8;
T_3.23;
    %jmp/1 T_3.22, 4;
    %flag_mov 8, 4;
    %load/vec4 v0x5a7621cef150_0;
    %parti/s 4, 8, 5;
    %cmpi/e 5, 0, 4;
    %flag_or 4, 8;
T_3.22;
    %jmp/0xz  T_3.20, 4;
    %pushi/vec4 11, 0, 4;
    %assign/vec4 v0x5a7621cf05e0_0, 0;
    %load/vec4 v0x5a7621cef150_0;
    %parti/s 4, 8, 5;
    %assign/vec4 v0x5a7621cee7b0_0, 0;
    %load/vec4 v0x5a7621cef150_0;
    %parti/s 8, 0, 2;
    %assign/vec4 v0x5a7621ceea50_0, 0;
    %pushi/vec4 4, 0, 4;
    %assign/vec4 v0x5a7621cf0780_0, 0;
    %jmp T_3.21;
T_3.20 ;
    %pushi/vec4 8, 0, 4;
    %assign/vec4 v0x5a7621cf0780_0, 0;
T_3.21 ;
    %jmp T_3.19;
T_3.18 ;
    %load/vec4 v0x5a7621cef3b0_0;
    %flag_set/vec4 8;
    %jmp/0xz  T_3.25, 8;
    %pushi/vec4 10, 0, 4;
    %assign/vec4 v0x5a7621cf05e0_0, 0;
    %load/vec4 v0x5a7621cef150_0;
    %parti/s 11, 0, 2;
    %assign/vec4 v0x5a7621cee890_0, 0;
    %pushi/vec4 4, 0, 4;
    %assign/vec4 v0x5a7621cf0780_0, 0;
    %jmp T_3.26;
T_3.25 ;
    %load/vec4 v0x5a7621cefac0_0;
    %flag_set/vec4 8;
    %jmp/0xz  T_3.27, 8;
    %pushi/vec4 9, 0, 4;
    %assign/vec4 v0x5a7621cf05e0_0, 0;
    %load/vec4 v0x5a7621cef150_0;
    %parti/s 3, 8, 5;
    %assign/vec4 v0x5a7621ceedd0_0, 0;
    %load/vec4 v0x5a7621cef150_0;
    %parti/s 8, 0, 2;
    %assign/vec4 v0x5a7621ceea50_0, 0;
    %pushi/vec4 4, 0, 4;
    %assign/vec4 v0x5a7621cf0780_0, 0;
    %jmp T_3.28;
T_3.27 ;
    %load/vec4 v0x5a7621cefa00_0;
    %flag_set/vec4 8;
    %jmp/0xz  T_3.29, 8;
    %pushi/vec4 8, 0, 4;
    %assign/vec4 v0x5a7621cf05e0_0, 0;
    %load/vec4 v0x5a7621cef150_0;
    %parti/s 5, 6, 4;
    %assign/vec4 v0x5a7621cee970_0, 0;
    %load/vec4 v0x5a7621cef150_0;
    %parti/s 3, 3, 3;
    %assign/vec4 v0x5a7621ceecf0_0, 0;
    %load/vec4 v0x5a7621cef150_0;
    %parti/s 3, 0, 2;
    %assign/vec4 v0x5a7621ceedd0_0, 0;
    %pushi/vec4 4, 0, 4;
    %assign/vec4 v0x5a7621cf0780_0, 0;
    %jmp T_3.30;
T_3.29 ;
    %load/vec4 v0x5a7621cefdc0_0;
    %flag_set/vec4 8;
    %jmp/0xz  T_3.31, 8;
    %pushi/vec4 7, 0, 4;
    %assign/vec4 v0x5a7621cf05e0_0, 0;
    %load/vec4 v0x5a7621cef150_0;
    %parti/s 5, 6, 4;
    %assign/vec4 v0x5a7621cee970_0, 0;
    %load/vec4 v0x5a7621cef150_0;
    %parti/s 3, 3, 3;
    %assign/vec4 v0x5a7621ceecf0_0, 0;
    %load/vec4 v0x5a7621cef150_0;
    %parti/s 3, 0, 2;
    %assign/vec4 v0x5a7621ceedd0_0, 0;
    %pushi/vec4 4, 0, 4;
    %assign/vec4 v0x5a7621cf0780_0, 0;
    %jmp T_3.32;
T_3.31 ;
    %load/vec4 v0x5a7621cefd00_0;
    %flag_set/vec4 8;
    %jmp/0xz  T_3.33, 8;
    %pushi/vec4 1, 0, 4;
    %assign/vec4 v0x5a7621cf05e0_0, 0;
    %load/vec4 v0x5a7621cef150_0;
    %parti/s 3, 8, 5;
    %assign/vec4 v0x5a7621ceeb30_0, 0;
    %load/vec4 v0x5a7621cef150_0;
    %parti/s 8, 0, 2;
    %assign/vec4 v0x5a7621ceea50_0, 0;
    %pushi/vec4 4, 0, 4;
    %assign/vec4 v0x5a7621cf0780_0, 0;
    %jmp T_3.34;
T_3.33 ;
    %load/vec4 v0x5a7621cef940_0;
    %flag_set/vec4 8;
    %jmp/0xz  T_3.35, 8;
    %pushi/vec4 2, 0, 4;
    %assign/vec4 v0x5a7621cf05e0_0, 0;
    %load/vec4 v0x5a7621cef150_0;
    %parti/s 3, 8, 5;
    %assign/vec4 v0x5a7621ceeb30_0, 0;
    %load/vec4 v0x5a7621cef150_0;
    %parti/s 8, 0, 2;
    %assign/vec4 v0x5a7621ceea50_0, 0;
    %pushi/vec4 4, 0, 4;
    %assign/vec4 v0x5a7621cf0780_0, 0;
    %jmp T_3.36;
T_3.35 ;
    %load/vec4 v0x5a7621cef230_0;
    %flag_set/vec4 8;
    %jmp/0xz  T_3.37, 8;
    %pushi/vec4 3, 0, 4;
    %assign/vec4 v0x5a7621cf05e0_0, 0;
    %load/vec4 v0x5a7621cef150_0;
    %parti/s 3, 8, 5;
    %assign/vec4 v0x5a7621ceeb30_0, 0;
    %load/vec4 v0x5a7621cef150_0;
    %parti/s 8, 0, 2;
    %assign/vec4 v0x5a7621ceea50_0, 0;
    %pushi/vec4 4, 0, 4;
    %assign/vec4 v0x5a7621cf0780_0, 0;
    %jmp T_3.38;
T_3.37 ;
    %load/vec4 v0x5a7621cefe80_0;
    %flag_set/vec4 8;
    %jmp/0xz  T_3.39, 8;
    %pushi/vec4 4, 0, 4;
    %assign/vec4 v0x5a7621cf05e0_0, 0;
    %load/vec4 v0x5a7621cef150_0;
    %parti/s 3, 8, 5;
    %assign/vec4 v0x5a7621ceeb30_0, 0;
    %load/vec4 v0x5a7621cef150_0;
    %parti/s 8, 0, 2;
    %assign/vec4 v0x5a7621ceea50_0, 0;
    %pushi/vec4 4, 0, 4;
    %assign/vec4 v0x5a7621cf0780_0, 0;
    %jmp T_3.40;
T_3.39 ;
    %load/vec4 v0x5a7621cefb80_0;
    %flag_set/vec4 8;
    %jmp/0xz  T_3.41, 8;
    %pushi/vec4 5, 0, 4;
    %assign/vec4 v0x5a7621cf05e0_0, 0;
    %load/vec4 v0x5a7621cef150_0;
    %parti/s 5, 6, 4;
    %assign/vec4 v0x5a7621cee970_0, 0;
    %load/vec4 v0x5a7621cef150_0;
    %parti/s 3, 3, 3;
    %assign/vec4 v0x5a7621ceec10_0, 0;
    %load/vec4 v0x5a7621cef150_0;
    %parti/s 3, 0, 2;
    %assign/vec4 v0x5a7621ceeb30_0, 0;
    %pushi/vec4 4, 0, 4;
    %assign/vec4 v0x5a7621cf0780_0, 0;
    %jmp T_3.42;
T_3.41 ;
    %load/vec4 v0x5a7621cefc40_0;
    %flag_set/vec4 8;
    %jmp/0xz  T_3.43, 8;
    %pushi/vec4 6, 0, 4;
    %assign/vec4 v0x5a7621cf05e0_0, 0;
    %load/vec4 v0x5a7621cef150_0;
    %parti/s 5, 6, 4;
    %assign/vec4 v0x5a7621cee970_0, 0;
    %load/vec4 v0x5a7621cef150_0;
    %parti/s 3, 3, 3;
    %assign/vec4 v0x5a7621ceec10_0, 0;
    %load/vec4 v0x5a7621cef150_0;
    %parti/s 3, 0, 2;
    %assign/vec4 v0x5a7621ceeb30_0, 0;
    %pushi/vec4 4, 0, 4;
    %assign/vec4 v0x5a7621cf0780_0, 0;
    %jmp T_3.44;
T_3.43 ;
    %pushi/vec4 1, 0, 1;
    %flag_set/vec4 9;
    %flag_get/vec4 9;
    %jmp/0 T_3.47, 9;
    %load/vec4 v0x5a7621cef2f0_0;
    %and;
T_3.47;
    %flag_set/vec4 8;
    %jmp/0xz  T_3.45, 8;
    %load/vec4 v0x5a7621cef150_0;
    %parti/s 4, 6, 4;
    %cmpi/e 0, 0, 4;
    %jmp/1 T_3.52, 4;
    %flag_mov 8, 4;
    %load/vec4 v0x5a7621cef150_0;
    %parti/s 4, 6, 4;
    %cmpi/e 1, 0, 4;
    %flag_or 4, 8;
T_3.52;
    %jmp/1 T_3.51, 4;
    %flag_mov 8, 4;
    %load/vec4 v0x5a7621cef150_0;
    %parti/s 4, 6, 4;
    %cmpi/e 12, 0, 4;
    %flag_or 4, 8;
T_3.51;
    %jmp/1 T_3.50, 4;
    %flag_mov 8, 4;
    %load/vec4 v0x5a7621cef150_0;
    %parti/s 4, 6, 4;
    %cmpi/e 10, 0, 4;
    %flag_or 4, 8;
T_3.50;
    %jmp/0xz  T_3.48, 4;
    %pushi/vec4 12, 0, 4;
    %assign/vec4 v0x5a7621cf05e0_0, 0;
    %load/vec4 v0x5a7621cef150_0;
    %parti/s 4, 6, 4;
    %assign/vec4 v0x5a7621cee6d0_0, 0;
    %load/vec4 v0x5a7621cef150_0;
    %parti/s 3, 3, 3;
    %assign/vec4 v0x5a7621ceec10_0, 0;
    %load/vec4 v0x5a7621cef150_0;
    %parti/s 3, 0, 2;
    %assign/vec4 v0x5a7621ceeb30_0, 0;
    %pushi/vec4 4, 0, 4;
    %assign/vec4 v0x5a7621cf0780_0, 0;
    %jmp T_3.49;
T_3.48 ;
    %pushi/vec4 8, 0, 4;
    %assign/vec4 v0x5a7621cf0780_0, 0;
T_3.49 ;
    %jmp T_3.46;
T_3.45 ;
    %pushi/vec4 8, 0, 4;
    %assign/vec4 v0x5a7621cf0780_0, 0;
T_3.46 ;
T_3.44 ;
T_3.42 ;
T_3.40 ;
T_3.38 ;
T_3.36 ;
T_3.34 ;
T_3.32 ;
T_3.30 ;
T_3.28 ;
T_3.26 ;
T_3.19 ;
    %jmp T_3.13;
T_3.8 ;
    %fork t_1, S_0x5a7621c98f90;
    %jmp t_0;
    .scope S_0x5a7621c98f90;
t_1 ;
    %pushi/vec4 0, 0, 32;
    %store/vec4 v0x5a7621ccb580_0, 0, 32;
    %pushi/vec4 0, 0, 32;
    %store/vec4 v0x5a7621ccb990_0, 0, 32;
    %pushi/vec4 0, 0, 32;
    %store/vec4 v0x5a7621cc8370_0, 0, 32;
    %pushi/vec4 0, 0, 33;
    %store/vec4 v0x5a7621cc8410_0, 0, 33;
    %pushi/vec4 0, 0, 32;
    %store/vec4 v0x5a7621cead40_0, 0, 32;
    %load/vec4 v0x5a7621cf05e0_0;
    %dup/vec4;
    %pushi/vec4 1, 0, 4;
    %cmp/u;
    %jmp/1 T_3.53, 6;
    %dup/vec4;
    %pushi/vec4 2, 0, 4;
    %cmp/u;
    %jmp/1 T_3.54, 6;
    %dup/vec4;
    %pushi/vec4 3, 0, 4;
    %cmp/u;
    %jmp/1 T_3.55, 6;
    %dup/vec4;
    %pushi/vec4 4, 0, 4;
    %cmp/u;
    %jmp/1 T_3.56, 6;
    %dup/vec4;
    %pushi/vec4 5, 0, 4;
    %cmp/u;
    %jmp/1 T_3.57, 6;
    %dup/vec4;
    %pushi/vec4 6, 0, 4;
    %cmp/u;
    %jmp/1 T_3.58, 6;
    %dup/vec4;
    %pushi/vec4 7, 0, 4;
    %cmp/u;
    %jmp/1 T_3.59, 6;
    %dup/vec4;
    %pushi/vec4 8, 0, 4;
    %cmp/u;
    %jmp/1 T_3.60, 6;
    %dup/vec4;
    %pushi/vec4 9, 0, 4;
    %cmp/u;
    %jmp/1 T_3.61, 6;
    %dup/vec4;
    %pushi/vec4 10, 0, 4;
    %cmp/u;
    %jmp/1 T_3.62, 6;
    %dup/vec4;
    %pushi/vec4 11, 0, 4;
    %cmp/u;
    %jmp/1 T_3.63, 6;
    %dup/vec4;
    %pushi/vec4 12, 0, 4;
    %cmp/u;
    %jmp/1 T_3.64, 6;
    %pushi/vec4 8, 0, 4;
    %assign/vec4 v0x5a7621cf0780_0, 0;
    %jmp T_3.66;
T_3.53 ;
    %pushi/vec4 0, 0, 24;
    %load/vec4 v0x5a7621ceea50_0;
    %concat/vec4; draw_concat_vec4
    %store/vec4 v0x5a7621cc8370_0, 0, 32;
    %load/vec4 v0x5a7621cc8370_0;
    %pushi/vec4 0, 0, 1;
    %load/vec4 v0x5a7621ceeb30_0;
    %concat/vec4; draw_concat_vec4
    %pad/u 6;
    %ix/vec4 3;
    %ix/load 4, 0, 0; Constant delay
    %assign/vec4/a/d v0x5a7621cebeb0, 0, 4;
    %load/vec4 v0x5a7621cc8370_0;
    %parti/s 1, 31, 6;
    %assign/vec4 v0x5a7621cebd00_0, 0;
    %load/vec4 v0x5a7621cc8370_0;
    %pushi/vec4 0, 0, 32;
    %cmp/e;
    %flag_get/vec4 4;
    %assign/vec4 v0x5a7621cec080_0, 0;
    %pushi/vec4 1, 0, 4;
    %assign/vec4 v0x5a7621cf0780_0, 0;
    %jmp T_3.66;
T_3.54 ;
    %pushi/vec4 0, 0, 1;
    %load/vec4 v0x5a7621ceeb30_0;
    %concat/vec4; draw_concat_vec4
    %pad/u 6;
    %ix/vec4 4;
    %load/vec4a v0x5a7621cebeb0, 4;
    %store/vec4 v0x5a7621ccb580_0, 0, 32;
    %pushi/vec4 0, 0, 24;
    %load/vec4 v0x5a7621ceea50_0;
    %concat/vec4; draw_concat_vec4
    %store/vec4 v0x5a7621ccb990_0, 0, 32;
    %load/vec4 v0x5a7621ccb580_0;
    %load/vec4 v0x5a7621ccb990_0;
    %sub;
    %store/vec4 v0x5a7621cc8370_0, 0, 32;
    %load/vec4 v0x5a7621cc8370_0;
    %parti/s 1, 31, 6;
    %assign/vec4 v0x5a7621cebd00_0, 0;
    %load/vec4 v0x5a7621cc8370_0;
    %pushi/vec4 0, 0, 32;
    %cmp/e;
    %flag_get/vec4 4;
    %assign/vec4 v0x5a7621cec080_0, 0;
    %load/vec4 v0x5a7621ccb990_0;
    %load/vec4 v0x5a7621ccb580_0;
    %cmp/u;
    %flag_get/vec4 4;
    %flag_get/vec4 5;
    %or;
    %assign/vec4 v0x5a7621cebb40_0, 0;
    %load/vec4 v0x5a7621ccb580_0;
    %parti/s 1, 31, 6;
    %load/vec4 v0x5a7621ccb990_0;
    %parti/s 1, 31, 6;
    %xor;
    %load/vec4 v0x5a7621ccb580_0;
    %parti/s 1, 31, 6;
    %load/vec4 v0x5a7621cc8370_0;
    %parti/s 1, 31, 6;
    %xor;
    %and;
    %assign/vec4 v0x5a7621cebfc0_0, 0;
    %pushi/vec4 1, 0, 4;
    %assign/vec4 v0x5a7621cf0780_0, 0;
    %jmp T_3.66;
T_3.55 ;
    %pushi/vec4 0, 0, 1;
    %load/vec4 v0x5a7621ceeb30_0;
    %concat/vec4; draw_concat_vec4
    %pad/u 6;
    %ix/vec4 4;
    %load/vec4a v0x5a7621cebeb0, 4;
    %store/vec4 v0x5a7621ccb580_0, 0, 32;
    %pushi/vec4 0, 0, 24;
    %load/vec4 v0x5a7621ceea50_0;
    %concat/vec4; draw_concat_vec4
    %store/vec4 v0x5a7621ccb990_0, 0, 32;
    %load/vec4 v0x5a7621ccb580_0;
    %load/vec4 v0x5a7621ccb990_0;
    %add;
    %store/vec4 v0x5a7621cc8370_0, 0, 32;
    %pushi/vec4 0, 0, 1;
    %load/vec4 v0x5a7621ccb580_0;
    %concat/vec4; draw_concat_vec4
    %pushi/vec4 0, 0, 1;
    %load/vec4 v0x5a7621ccb990_0;
    %concat/vec4; draw_concat_vec4
    %add;
    %store/vec4 v0x5a7621cc8410_0, 0, 33;
    %load/vec4 v0x5a7621cc8370_0;
    %pushi/vec4 0, 0, 1;
    %load/vec4 v0x5a7621ceeb30_0;
    %concat/vec4; draw_concat_vec4
    %pad/u 6;
    %ix/vec4 3;
    %ix/load 4, 0, 0; Constant delay
    %assign/vec4/a/d v0x5a7621cebeb0, 0, 4;
    %load/vec4 v0x5a7621cc8370_0;
    %parti/s 1, 31, 6;
    %assign/vec4 v0x5a7621cebd00_0, 0;
    %load/vec4 v0x5a7621cc8370_0;
    %pushi/vec4 0, 0, 32;
    %cmp/e;
    %flag_get/vec4 4;
    %assign/vec4 v0x5a7621cec080_0, 0;
    %load/vec4 v0x5a7621cc8410_0;
    %parti/s 1, 32, 7;
    %assign/vec4 v0x5a7621cebb40_0, 0;
    %load/vec4 v0x5a7621ccb580_0;
    %parti/s 1, 31, 6;
    %load/vec4 v0x5a7621ccb990_0;
    %parti/s 1, 31, 6;
    %xor;
    %inv;
    %load/vec4 v0x5a7621ccb580_0;
    %parti/s 1, 31, 6;
    %load/vec4 v0x5a7621cc8370_0;
    %parti/s 1, 31, 6;
    %xor;
    %and;
    %assign/vec4 v0x5a7621cebfc0_0, 0;
    %pushi/vec4 1, 0, 4;
    %assign/vec4 v0x5a7621cf0780_0, 0;
    %jmp T_3.66;
T_3.56 ;
    %pushi/vec4 0, 0, 1;
    %load/vec4 v0x5a7621ceeb30_0;
    %concat/vec4; draw_concat_vec4
    %pad/u 6;
    %ix/vec4 4;
    %load/vec4a v0x5a7621cebeb0, 4;
    %store/vec4 v0x5a7621ccb580_0, 0, 32;
    %pushi/vec4 0, 0, 24;
    %load/vec4 v0x5a7621ceea50_0;
    %concat/vec4; draw_concat_vec4
    %store/vec4 v0x5a7621ccb990_0, 0, 32;
    %load/vec4 v0x5a7621ccb580_0;
    %load/vec4 v0x5a7621ccb990_0;
    %sub;
    %store/vec4 v0x5a7621cc8370_0, 0, 32;
    %load/vec4 v0x5a7621cc8370_0;
    %pushi/vec4 0, 0, 1;
    %load/vec4 v0x5a7621ceeb30_0;
    %concat/vec4; draw_concat_vec4
    %pad/u 6;
    %ix/vec4 3;
    %ix/load 4, 0, 0; Constant delay
    %assign/vec4/a/d v0x5a7621cebeb0, 0, 4;
    %load/vec4 v0x5a7621cc8370_0;
    %parti/s 1, 31, 6;
    %assign/vec4 v0x5a7621cebd00_0, 0;
    %load/vec4 v0x5a7621cc8370_0;
    %pushi/vec4 0, 0, 32;
    %cmp/e;
    %flag_get/vec4 4;
    %assign/vec4 v0x5a7621cec080_0, 0;
    %load/vec4 v0x5a7621ccb990_0;
    %load/vec4 v0x5a7621ccb580_0;
    %cmp/u;
    %flag_get/vec4 4;
    %flag_get/vec4 5;
    %or;
    %assign/vec4 v0x5a7621cebb40_0, 0;
    %load/vec4 v0x5a7621ccb580_0;
    %parti/s 1, 31, 6;
    %load/vec4 v0x5a7621ccb990_0;
    %parti/s 1, 31, 6;
    %xor;
    %load/vec4 v0x5a7621ccb580_0;
    %parti/s 1, 31, 6;
    %load/vec4 v0x5a7621cc8370_0;
    %parti/s 1, 31, 6;
    %xor;
    %and;
    %assign/vec4 v0x5a7621cebfc0_0, 0;
    %pushi/vec4 1, 0, 4;
    %assign/vec4 v0x5a7621cf0780_0, 0;
    %jmp T_3.66;
T_3.57 ;
    %pushi/vec4 0, 0, 1;
    %load/vec4 v0x5a7621ceec10_0;
    %concat/vec4; draw_concat_vec4
    %pad/u 6;
    %ix/vec4 4;
    %load/vec4a v0x5a7621cebeb0, 4;
    %store/vec4 v0x5a7621ccb580_0, 0, 32;
    %load/vec4 v0x5a7621cee970_0;
    %cmpi/e 0, 0, 5;
    %jmp/0xz  T_3.67, 4;
    %load/vec4 v0x5a7621ccb580_0;
    %store/vec4 v0x5a7621cc8370_0, 0, 32;
    %jmp T_3.68;
T_3.67 ;
    %load/vec4 v0x5a7621ccb580_0;
    %ix/getv 4, v0x5a7621cee970_0;
    %shiftl 4;
    %store/vec4 v0x5a7621cc8370_0, 0, 32;
    %load/vec4 v0x5a7621ccb580_0;
    %pushi/vec4 32, 0, 32;
    %load/vec4 v0x5a7621cee970_0;
    %pad/u 32;
    %sub;
    %part/u 1;
    %assign/vec4 v0x5a7621cebb40_0, 0;
T_3.68 ;
    %load/vec4 v0x5a7621cc8370_0;
    %pushi/vec4 0, 0, 1;
    %load/vec4 v0x5a7621ceeb30_0;
    %concat/vec4; draw_concat_vec4
    %pad/u 6;
    %ix/vec4 3;
    %ix/load 4, 0, 0; Constant delay
    %assign/vec4/a/d v0x5a7621cebeb0, 0, 4;
    %load/vec4 v0x5a7621cc8370_0;
    %parti/s 1, 31, 6;
    %assign/vec4 v0x5a7621cebd00_0, 0;
    %load/vec4 v0x5a7621cc8370_0;
    %pushi/vec4 0, 0, 32;
    %cmp/e;
    %flag_get/vec4 4;
    %assign/vec4 v0x5a7621cec080_0, 0;
    %pushi/vec4 1, 0, 4;
    %assign/vec4 v0x5a7621cf0780_0, 0;
    %jmp T_3.66;
T_3.58 ;
    %pushi/vec4 0, 0, 1;
    %load/vec4 v0x5a7621ceec10_0;
    %concat/vec4; draw_concat_vec4
    %pad/u 6;
    %ix/vec4 4;
    %load/vec4a v0x5a7621cebeb0, 4;
    %store/vec4 v0x5a7621ccb580_0, 0, 32;
    %load/vec4 v0x5a7621cee970_0;
    %cmpi/e 0, 0, 5;
    %jmp/0xz  T_3.69, 4;
    %load/vec4 v0x5a7621ccb580_0;
    %store/vec4 v0x5a7621cc8370_0, 0, 32;
    %jmp T_3.70;
T_3.69 ;
    %load/vec4 v0x5a7621ccb580_0;
    %ix/getv 4, v0x5a7621cee970_0;
    %shiftr 4;
    %store/vec4 v0x5a7621cc8370_0, 0, 32;
    %load/vec4 v0x5a7621ccb580_0;
    %load/vec4 v0x5a7621cee970_0;
    %pad/u 32;
    %subi 1, 0, 32;
    %part/u 1;
    %assign/vec4 v0x5a7621cebb40_0, 0;
T_3.70 ;
    %load/vec4 v0x5a7621cc8370_0;
    %pushi/vec4 0, 0, 1;
    %load/vec4 v0x5a7621ceeb30_0;
    %concat/vec4; draw_concat_vec4
    %pad/u 6;
    %ix/vec4 3;
    %ix/load 4, 0, 0; Constant delay
    %assign/vec4/a/d v0x5a7621cebeb0, 0, 4;
    %load/vec4 v0x5a7621cc8370_0;
    %parti/s 1, 31, 6;
    %assign/vec4 v0x5a7621cebd00_0, 0;
    %load/vec4 v0x5a7621cc8370_0;
    %pushi/vec4 0, 0, 32;
    %cmp/e;
    %flag_get/vec4 4;
    %assign/vec4 v0x5a7621cec080_0, 0;
    %pushi/vec4 1, 0, 4;
    %assign/vec4 v0x5a7621cf0780_0, 0;
    %jmp T_3.66;
T_3.59 ;
    %pushi/vec4 0, 0, 1;
    %load/vec4 v0x5a7621ceecf0_0;
    %concat/vec4; draw_concat_vec4
    %pad/u 6;
    %ix/vec4 4;
    %load/vec4a v0x5a7621cebeb0, 4;
    %pushi/vec4 0, 0, 27;
    %load/vec4 v0x5a7621cee970_0;
    %concat/vec4; draw_concat_vec4
    %ix/load 4, 2, 0;
    %flag_set/imm 4, 0;
    %shiftl 4;
    %add;
    %assign/vec4 v0x5a7621ceeeb0_0, 0;
    %pushi/vec4 5, 0, 4;
    %assign/vec4 v0x5a7621cf0780_0, 0;
    %jmp T_3.66;
T_3.60 ;
    %pushi/vec4 0, 0, 1;
    %load/vec4 v0x5a7621ceecf0_0;
    %concat/vec4; draw_concat_vec4
    %pad/u 6;
    %ix/vec4 4;
    %load/vec4a v0x5a7621cebeb0, 4;
    %pushi/vec4 0, 0, 27;
    %load/vec4 v0x5a7621cee970_0;
    %concat/vec4; draw_concat_vec4
    %ix/load 4, 2, 0;
    %flag_set/imm 4, 0;
    %shiftl 4;
    %add;
    %assign/vec4 v0x5a7621ceeeb0_0, 0;
    %pushi/vec4 5, 0, 4;
    %assign/vec4 v0x5a7621cf0780_0, 0;
    %jmp T_3.66;
T_3.61 ;
    %load/vec4 v0x5a7621cebdd0_0;
    %store/vec4 v0x5a7621ceb150_0, 0, 32;
    %callf/vec4 TD_tb.dut.align4, S_0x5a7621ceae70;
    %pushi/vec4 0, 0, 24;
    %load/vec4 v0x5a7621ceea50_0;
    %concat/vec4; draw_concat_vec4
    %ix/load 4, 2, 0;
    %flag_set/imm 4, 0;
    %shiftl 4;
    %add;
    %assign/vec4 v0x5a7621ceeeb0_0, 0;
    %pushi/vec4 5, 0, 4;
    %assign/vec4 v0x5a7621cf0780_0, 0;
    %jmp T_3.66;
T_3.62 ;
    %pushi/vec4 0, 0, 20;
    %load/vec4 v0x5a7621cee890_0;
    %concat/vec4; draw_concat_vec4
    %concati/vec4 0, 0, 1;
    %pushi/vec4 12, 0, 32;
    %store/vec4 v0x5a7621ceb790_0, 0, 32;
    %store/vec4 v0x5a7621ceba60_0, 0, 32;
    %callf/vec4 TD_tb.dut.sext_shift, S_0x5a7621ceb5b0;
    %store/vec4 v0x5a7621cead40_0, 0, 32;
    %load/vec4 v0x5a7621cebdd0_0;
    %load/vec4 v0x5a7621cead40_0;
    %add;
    %assign/vec4 v0x5a7621cebdd0_0, 0;
    %pushi/vec4 1, 0, 4;
    %assign/vec4 v0x5a7621cf0780_0, 0;
    %jmp T_3.66;
T_3.63 ;
    %pushi/vec4 0, 0, 23;
    %load/vec4 v0x5a7621ceea50_0;
    %concat/vec4; draw_concat_vec4
    %concati/vec4 0, 0, 1;
    %pushi/vec4 9, 0, 32;
    %store/vec4 v0x5a7621ceb790_0, 0, 32;
    %store/vec4 v0x5a7621ceba60_0, 0, 32;
    %callf/vec4 TD_tb.dut.sext_shift, S_0x5a7621ceb5b0;
    %store/vec4 v0x5a7621cead40_0, 0, 32;
    %load/vec4 v0x5a7621cee7b0_0;
    %store/vec4 v0x5a7621ceb410_0, 0, 4;
    %callf/vec4 TD_tb.dut.cond_ok, S_0x5a7621ceb230;
    %flag_set/vec4 8;
    %jmp/0xz  T_3.71, 8;
    %load/vec4 v0x5a7621cebdd0_0;
    %load/vec4 v0x5a7621cead40_0;
    %add;
    %assign/vec4 v0x5a7621cebdd0_0, 0;
T_3.71 ;
    %pushi/vec4 1, 0, 4;
    %assign/vec4 v0x5a7621cf0780_0, 0;
    %jmp T_3.66;
T_3.64 ;
    %pushi/vec4 0, 0, 1;
    %load/vec4 v0x5a7621ceeb30_0;
    %concat/vec4; draw_concat_vec4
    %pad/u 6;
    %ix/vec4 4;
    %load/vec4a v0x5a7621cebeb0, 4;
    %store/vec4 v0x5a7621ccb580_0, 0, 32;
    %pushi/vec4 0, 0, 1;
    %load/vec4 v0x5a7621ceec10_0;
    %concat/vec4; draw_concat_vec4
    %pad/u 6;
    %ix/vec4 4;
    %load/vec4a v0x5a7621cebeb0, 4;
    %store/vec4 v0x5a7621ccb990_0, 0, 32;
    %load/vec4 v0x5a7621cee6d0_0;
    %dup/vec4;
    %pushi/vec4 0, 0, 4;
    %cmp/u;
    %jmp/1 T_3.73, 6;
    %dup/vec4;
    %pushi/vec4 1, 0, 4;
    %cmp/u;
    %jmp/1 T_3.74, 6;
    %dup/vec4;
    %pushi/vec4 12, 0, 4;
    %cmp/u;
    %jmp/1 T_3.75, 6;
    %dup/vec4;
    %pushi/vec4 10, 0, 4;
    %cmp/u;
    %jmp/1 T_3.76, 6;
    %pushi/vec4 8, 0, 4;
    %assign/vec4 v0x5a7621cf0780_0, 0;
    %jmp T_3.78;
T_3.73 ;
    %load/vec4 v0x5a7621ccb580_0;
    %load/vec4 v0x5a7621ccb990_0;
    %and;
    %store/vec4 v0x5a7621cc8370_0, 0, 32;
    %load/vec4 v0x5a7621cc8370_0;
    %pushi/vec4 0, 0, 1;
    %load/vec4 v0x5a7621ceeb30_0;
    %concat/vec4; draw_concat_vec4
    %pad/u 6;
    %ix/vec4 3;
    %ix/load 4, 0, 0; Constant delay
    %assign/vec4/a/d v0x5a7621cebeb0, 0, 4;
    %load/vec4 v0x5a7621cc8370_0;
    %parti/s 1, 31, 6;
    %assign/vec4 v0x5a7621cebd00_0, 0;
    %load/vec4 v0x5a7621cc8370_0;
    %pushi/vec4 0, 0, 32;
    %cmp/e;
    %flag_get/vec4 4;
    %assign/vec4 v0x5a7621cec080_0, 0;
    %pushi/vec4 1, 0, 4;
    %assign/vec4 v0x5a7621cf0780_0, 0;
    %jmp T_3.78;
T_3.74 ;
    %load/vec4 v0x5a7621ccb580_0;
    %load/vec4 v0x5a7621ccb990_0;
    %xor;
    %store/vec4 v0x5a7621cc8370_0, 0, 32;
    %load/vec4 v0x5a7621cc8370_0;
    %pushi/vec4 0, 0, 1;
    %load/vec4 v0x5a7621ceeb30_0;
    %concat/vec4; draw_concat_vec4
    %pad/u 6;
    %ix/vec4 3;
    %ix/load 4, 0, 0; Constant delay
    %assign/vec4/a/d v0x5a7621cebeb0, 0, 4;
    %load/vec4 v0x5a7621cc8370_0;
    %parti/s 1, 31, 6;
    %assign/vec4 v0x5a7621cebd00_0, 0;
    %load/vec4 v0x5a7621cc8370_0;
    %pushi/vec4 0, 0, 32;
    %cmp/e;
    %flag_get/vec4 4;
    %assign/vec4 v0x5a7621cec080_0, 0;
    %pushi/vec4 1, 0, 4;
    %assign/vec4 v0x5a7621cf0780_0, 0;
    %jmp T_3.78;
T_3.75 ;
    %load/vec4 v0x5a7621ccb580_0;
    %load/vec4 v0x5a7621ccb990_0;
    %or;
    %store/vec4 v0x5a7621cc8370_0, 0, 32;
    %load/vec4 v0x5a7621cc8370_0;
    %pushi/vec4 0, 0, 1;
    %load/vec4 v0x5a7621ceeb30_0;
    %concat/vec4; draw_concat_vec4
    %pad/u 6;
    %ix/vec4 3;
    %ix/load 4, 0, 0; Constant delay
    %assign/vec4/a/d v0x5a7621cebeb0, 0, 4;
    %load/vec4 v0x5a7621cc8370_0;
    %parti/s 1, 31, 6;
    %assign/vec4 v0x5a7621cebd00_0, 0;
    %load/vec4 v0x5a7621cc8370_0;
    %pushi/vec4 0, 0, 32;
    %cmp/e;
    %flag_get/vec4 4;
    %assign/vec4 v0x5a7621cec080_0, 0;
    %pushi/vec4 1, 0, 4;
    %assign/vec4 v0x5a7621cf0780_0, 0;
    %jmp T_3.78;
T_3.76 ;
    %load/vec4 v0x5a7621ccb580_0;
    %load/vec4 v0x5a7621ccb990_0;
    %sub;
    %store/vec4 v0x5a7621cc8370_0, 0, 32;
    %load/vec4 v0x5a7621cc8370_0;
    %parti/s 1, 31, 6;
    %assign/vec4 v0x5a7621cebd00_0, 0;
    %load/vec4 v0x5a7621cc8370_0;
    %pushi/vec4 0, 0, 32;
    %cmp/e;
    %flag_get/vec4 4;
    %assign/vec4 v0x5a7621cec080_0, 0;
    %load/vec4 v0x5a7621ccb990_0;
    %load/vec4 v0x5a7621ccb580_0;
    %cmp/u;
    %flag_get/vec4 4;
    %flag_get/vec4 5;
    %or;
    %assign/vec4 v0x5a7621cebb40_0, 0;
    %load/vec4 v0x5a7621ccb580_0;
    %parti/s 1, 31, 6;
    %load/vec4 v0x5a7621ccb990_0;
    %parti/s 1, 31, 6;
    %xor;
    %load/vec4 v0x5a7621ccb580_0;
    %parti/s 1, 31, 6;
    %load/vec4 v0x5a7621cc8370_0;
    %parti/s 1, 31, 6;
    %xor;
    %and;
    %assign/vec4 v0x5a7621cebfc0_0, 0;
    %pushi/vec4 1, 0, 4;
    %assign/vec4 v0x5a7621cf0780_0, 0;
    %jmp T_3.78;
T_3.78 ;
    %pop/vec4 1;
    %jmp T_3.66;
T_3.66 ;
    %pop/vec4 1;
    %end;
    .scope S_0x5a7621c98e00;
t_0 %join;
    %jmp T_3.13;
T_3.9 ;
    %pushi/vec4 1, 0, 1;
    %assign/vec4 v0x5a7621cf02a0_0, 0;
    %load/vec4 v0x5a7621ceeeb0_0;
    %assign/vec4 v0x5a7621cf0020_0, 0;
    %load/vec4 v0x5a7621cf05e0_0;
    %cmpi/e 7, 0, 4;
    %jmp/0xz  T_3.79, 4;
    %pushi/vec4 1, 0, 1;
    %assign/vec4 v0x5a7621cf0440_0, 0;
    %pushi/vec4 0, 0, 1;
    %load/vec4 v0x5a7621ceedd0_0;
    %concat/vec4; draw_concat_vec4
    %pad/u 6;
    %ix/vec4 4;
    %load/vec4a v0x5a7621cebeb0, 4;
    %assign/vec4 v0x5a7621cf0360_0, 0;
    %pushi/vec4 15, 0, 4;
    %assign/vec4 v0x5a7621cf0500_0, 0;
    %jmp T_3.80;
T_3.79 ;
    %pushi/vec4 0, 0, 1;
    %assign/vec4 v0x5a7621cf0440_0, 0;
    %pushi/vec4 0, 0, 4;
    %assign/vec4 v0x5a7621cf0500_0, 0;
T_3.80 ;
    %pushi/vec4 6, 0, 4;
    %assign/vec4 v0x5a7621cf0780_0, 0;
    %jmp T_3.13;
T_3.10 ;
    %pushi/vec4 1, 0, 1;
    %assign/vec4 v0x5a7621cf02a0_0, 0;
    %load/vec4 v0x5a7621ceeeb0_0;
    %assign/vec4 v0x5a7621cf0020_0, 0;
    %load/vec4 v0x5a7621cf05e0_0;
    %cmpi/e 7, 0, 4;
    %jmp/0xz  T_3.81, 4;
    %pushi/vec4 1, 0, 1;
    %assign/vec4 v0x5a7621cf0440_0, 0;
    %pushi/vec4 0, 0, 1;
    %load/vec4 v0x5a7621ceedd0_0;
    %concat/vec4; draw_concat_vec4
    %pad/u 6;
    %ix/vec4 4;
    %load/vec4a v0x5a7621cebeb0, 4;
    %assign/vec4 v0x5a7621cf0360_0, 0;
    %pushi/vec4 15, 0, 4;
    %assign/vec4 v0x5a7621cf0500_0, 0;
    %jmp T_3.82;
T_3.81 ;
    %pushi/vec4 0, 0, 1;
    %assign/vec4 v0x5a7621cf0440_0, 0;
    %pushi/vec4 0, 0, 4;
    %assign/vec4 v0x5a7621cf0500_0, 0;
T_3.82 ;
    %load/vec4 v0x5a7621cf01e0_0;
    %flag_set/vec4 8;
    %jmp/0xz  T_3.83, 8;
    %load/vec4 v0x5a7621cf05e0_0;
    %cmpi/e 8, 0, 4;
    %jmp/1 T_3.87, 4;
    %flag_mov 8, 4;
    %load/vec4 v0x5a7621cf05e0_0;
    %cmpi/e 9, 0, 4;
    %flag_or 4, 8;
T_3.87;
    %jmp/0xz  T_3.85, 4;
    %load/vec4 v0x5a7621cf0100_0;
    %assign/vec4 v0x5a7621ceff40_0, 0;
    %load/vec4 v0x5a7621cf0100_0;
    %pushi/vec4 0, 0, 1;
    %load/vec4 v0x5a7621ceedd0_0;
    %concat/vec4; draw_concat_vec4
    %pad/u 6;
    %ix/vec4 3;
    %ix/load 4, 0, 0; Constant delay
    %assign/vec4/a/d v0x5a7621cebeb0, 0, 4;
T_3.85 ;
    %pushi/vec4 1, 0, 4;
    %assign/vec4 v0x5a7621cf0780_0, 0;
T_3.83 ;
    %jmp T_3.13;
T_3.11 ;
    %pushi/vec4 8, 0, 4;
    %assign/vec4 v0x5a7621cf0780_0, 0;
    %jmp T_3.13;
T_3.13 ;
    %pop/vec4 1;
    %load/vec4 v0x5a7621cebdd0_0;
    %ix/load 3, 15, 0;
    %flag_set/imm 4, 0;
    %ix/load 4, 0, 0; Constant delay
    %assign/vec4/a/d v0x5a7621cebeb0, 0, 4;
T_3.1 ;
    %jmp T_3;
    .thread T_3;
    .scope S_0x5a7621cf0980;
T_4 ;
    %wait E_0x5a7621c503e0;
    %load/vec4 v0x5a7621cf1800_0;
    %nor/r;
    %flag_set/vec4 8;
    %jmp/0xz  T_4.0, 8;
    %pushi/vec4 0, 0, 32;
    %assign/vec4 v0x5a7621cf1320_0, 0;
    %pushi/vec4 0, 0, 1;
    %assign/vec4 v0x5a7621cf13f0_0, 0;
    %pushi/vec4 0, 0, 1;
    %assign/vec4 v0x5a7621cf18d0_0, 0;
    %jmp T_4.1;
T_4.0 ;
    %load/vec4 v0x5a7621cf14c0_0;
    %flag_set/vec4 9;
    %flag_get/vec4 9;
    %jmp/0 T_4.4, 9;
    %load/vec4 v0x5a7621cf1660_0;
    %and;
T_4.4;
    %flag_set/vec4 8;
    %jmp/0xz  T_4.2, 8;
    %pushi/vec4 1, 0, 1;
    %assign/vec4 v0x5a7621cf13f0_0, 0;
    %pushi/vec4 0, 0, 1;
    %assign/vec4 v0x5a7621cf18d0_0, 0;
    %jmp T_4.3;
T_4.2 ;
    %load/vec4 v0x5a7621cf14c0_0;
    %flag_set/vec4 9;
    %flag_get/vec4 9;
    %jmp/0 T_4.7, 9;
    %load/vec4 v0x5a7621cf1660_0;
    %nor/r;
    %and;
T_4.7;
    %flag_set/vec4 8;
    %jmp/0xz  T_4.5, 8;
    %ix/getv 4, v0x5a7621cf1970_0;
    %load/vec4a v0x5a7621cf1150, 4;
    %assign/vec4 v0x5a7621cf1320_0, 0;
    %load/vec4 v0x5a7621cf18d0_0;
    %assign/vec4 v0x5a7621cf13f0_0, 0;
    %pushi/vec4 1, 0, 1;
    %assign/vec4 v0x5a7621cf18d0_0, 0;
    %jmp T_4.6;
T_4.5 ;
    %pushi/vec4 0, 0, 1;
    %assign/vec4 v0x5a7621cf13f0_0, 0;
    %pushi/vec4 0, 0, 1;
    %assign/vec4 v0x5a7621cf18d0_0, 0;
T_4.6 ;
T_4.3 ;
T_4.1 ;
    %jmp T_4;
    .thread T_4;
    .scope S_0x5a7621cf0980;
T_5 ;
    %pushi/vec4 0, 0, 32;
    %store/vec4 v0x5a7621cf10b0_0, 0, 32;
T_5.0 ;
    %load/vec4 v0x5a7621cf10b0_0;
    %cmpi/s 4096, 0, 32;
    %jmp/0xz T_5.1, 5;
    %pushi/vec4 0, 0, 32;
    %ix/getv/s 4, v0x5a7621cf10b0_0;
    %store/vec4a v0x5a7621cf1150, 4, 0;
    %load/vec4 v0x5a7621cf10b0_0;
    %addi 1, 0, 32;
    %store/vec4 v0x5a7621cf10b0_0, 0, 32;
    %jmp T_5.0;
T_5.1 ;
    %vpi_call/w 5 62 "$readmemh", P_0x5a7621cca160, v0x5a7621cf1150 {0 0 0};
    %end;
    .thread T_5;
    .scope S_0x5a7621cf0980;
T_6 ;
    %wait E_0x5a7621c16f50;
    %load/vec4 v0x5a7621cf14c0_0;
    %flag_set/vec4 9;
    %flag_get/vec4 9;
    %jmp/0 T_6.2, 9;
    %load/vec4 v0x5a7621cf1660_0;
    %and;
T_6.2;
    %flag_set/vec4 8;
    %jmp/0xz  T_6.0, 8;
    %load/vec4 v0x5a7621cf1730_0;
    %parti/s 1, 0, 2;
    %flag_set/vec4 8;
    %jmp/0xz  T_6.3, 8;
    %load/vec4 v0x5a7621cf1590_0;
    %parti/s 8, 0, 2;
    %ix/getv 3, v0x5a7621cf1970_0;
    %ix/load 4, 0, 0; Constant delay
    %assign/vec4/a/d v0x5a7621cf1150, 0, 4;
T_6.3 ;
    %load/vec4 v0x5a7621cf1730_0;
    %parti/s 1, 1, 2;
    %flag_set/vec4 8;
    %jmp/0xz  T_6.5, 8;
    %load/vec4 v0x5a7621cf1590_0;
    %parti/s 8, 8, 5;
    %ix/getv 3, v0x5a7621cf1970_0;
    %ix/load 4, 8, 0; part off
    %ix/load 5, 0, 0; Constant delay
    %assign/vec4/a/d v0x5a7621cf1150, 4, 5;
T_6.5 ;
    %load/vec4 v0x5a7621cf1730_0;
    %parti/s 1, 2, 3;
    %flag_set/vec4 8;
    %jmp/0xz  T_6.7, 8;
    %load/vec4 v0x5a7621cf1590_0;
    %parti/s 8, 16, 6;
    %ix/getv 3, v0x5a7621cf1970_0;
    %ix/load 4, 16, 0; part off
    %ix/load 5, 0, 0; Constant delay
    %assign/vec4/a/d v0x5a7621cf1150, 4, 5;
T_6.7 ;
    %load/vec4 v0x5a7621cf1730_0;
    %parti/s 1, 3, 3;
    %flag_set/vec4 8;
    %jmp/0xz  T_6.9, 8;
    %load/vec4 v0x5a7621cf1590_0;
    %parti/s 8, 24, 6;
    %ix/getv 3, v0x5a7621cf1970_0;
    %ix/load 4, 24, 0; part off
    %ix/load 5, 0, 0; Constant delay
    %assign/vec4/a/d v0x5a7621cf1150, 4, 5;
T_6.9 ;
T_6.0 ;
    %jmp T_6;
    .thread T_6;
    .scope S_0x5a7621c54ec0;
T_7 ;
    %pushi/vec4 0, 0, 1;
    %store/vec4 v0x5a7621cf1af0_0, 0, 1;
    %pushi/vec4 0, 0, 1;
    %store/vec4 v0x5a7621cf22f0_0, 0, 1;
    %end;
    .thread T_7, $init;
    .scope S_0x5a7621c54ec0;
T_8 ;
    %delay 5, 0;
    %load/vec4 v0x5a7621cf1af0_0;
    %inv;
    %store/vec4 v0x5a7621cf1af0_0, 0, 1;
    %jmp T_8;
    .thread T_8;
    .scope S_0x5a7621c54ec0;
T_9 ;
    %vpi_call/w 3 58 "$dumpfile", "dump.vcd" {0 0 0};
    %vpi_call/w 3 59 "$dumpvars", 32'sb00000000000000000000000000000000, S_0x5a7621c54ec0 {0 0 0};
    %end;
    .thread T_9;
    .scope S_0x5a7621c54ec0;
T_10 ;
    %pushi/vec4 0, 0, 1;
    %store/vec4 v0x5a7621cf22f0_0, 0, 1;
    %pushi/vec4 5, 0, 32;
T_10.0 %dup/vec4;
    %pushi/vec4 0, 0, 32;
    %cmp/s;
    %jmp/1xz T_10.1, 5;
    %jmp/1 T_10.1, 4;
    %pushi/vec4 1, 0, 32;
    %sub;
    %wait E_0x5a7621c16f50;
    %jmp T_10.0;
T_10.1 ;
    %pop/vec4 1;
    %pushi/vec4 1, 0, 1;
    %store/vec4 v0x5a7621cf22f0_0, 0, 1;
    %pushi/vec4 800, 0, 32;
T_10.2 %dup/vec4;
    %pushi/vec4 0, 0, 32;
    %cmp/s;
    %jmp/1xz T_10.3, 5;
    %jmp/1 T_10.3, 4;
    %pushi/vec4 1, 0, 32;
    %sub;
    %wait E_0x5a7621c16f50;
    %jmp T_10.2;
T_10.3 ;
    %pop/vec4 1;
    %ix/load 4, 64, 0;
    %flag_set/imm 4, 0;
    %load/vec4a v0x5a7621cf1150, 4;
    %cmpi/ne 161, 0, 32;
    %jmp/0xz  T_10.4, 6;
    %vpi_call/w 3 73 "$display", "FAIL: mem[%0d] (addr %h) = %h, expected %h", P_0x5a7621c550d0, P_0x5a7621c55090, &A<v0x5a7621cf1150, 64>, P_0x5a7621c55050 {0 0 0};
    %vpi_call/w 3 75 "$fatal", 32'sb00000000000000000000000000000001 {0 0 0};
    %jmp T_10.5;
T_10.4 ;
    %vpi_call/w 3 77 "$display", "PASS: mem[%0d] (addr %h) = %h", P_0x5a7621c550d0, P_0x5a7621c55090, &A<v0x5a7621cf1150, 64> {0 0 0};
T_10.5 ;
    %vpi_call/w 3 81 "$finish" {0 0 0};
    %end;
    .thread T_10;
# The file index is used to find the file name in the following table.
:file_names 6;
    "N/A";
    "<interactive>";
    "-";
    "core/tb.sv";
    "core/tiny_thumb_core.sv";
    "core/tiny_mem_model.sv";
